Arguments: 
  C:\Program Files\nodejs\node.exe C:\Users\konat\AppData\Roaming\npm\node_modules\yarn\bin\yarn.js install

PATH: 
  C:\Program Files\Microsoft\jdk-11.0.16.101-hotspot\bin;C:\Program Files\Common Files\Oracle\Java\javapath;C:\Oracle\bin;C:\Program Files\Eclipse Adoptium\jdk-17.0.5.8-hotspot\bin;C:\Python311\Scripts\;C:\Python311\;C:\Windows\system32;C:\Windows;C:\Windows\System32\Wbem;C:\Windows\System32\WindowsPowerShell\v1.0\;C:\Windows\System32\OpenSSH\;C:\ProgramData\chocolatey\bin;C:\WINDOWS\system32;C:\WINDOWS;C:\WINDOWS\System32\Wbem;C:\WINDOWS\System32\WindowsPowerShell\v1.0\;C:\WINDOWS\System32\OpenSSH\;C:\Program Files\PuTTY\;C:\Program Files\dotnet\;C:\Program Files\Microsoft SQL Server\150\Tools\Binn\;C:\Program Files\Microsoft SQL Server\Client SDK\ODBC\170\Tools\Binn\;C:\xampp\php;C:\ProgramData\ComposerSetup\bin;C:\Program Files\Git\cmd;C:\Program Files\NVIDIA Corporation\NVIDIA NvDLISR;C:\Program Files\nodejs\;C:\Users\konat\AppData\Roaming\Python\Python311\Scripts;C:\Users\konat\AppData\Roaming\ActiveState\bin\bin;C:\Users\konat\scoop\apps\python\current\Scripts;C:\Users\konat\scoop\apps\python\current;C:\Users\konat\scoop\apps\nodejs\current\bin;C:\Users\konat\scoop\apps\nodejs\current;C:\Users\konat\scoop\shims;C:\Program Files\MySQL\MySQL Shell 8.0\bin\;C:\Users\konat\AppData\Local\activestate\cache\bin;C:\Users\konat\AppData\Local\ActiveState\StateTool\release\bin;C:\Users\konat\AppData\Local\Microsoft\WindowsApps;C:\Users\konat\AppData\Local\Programs\Microsoft VS Code\bin;C:\Program Files\JetBrains\PyCharm 2022.3\bin;C:\Program Files\JetBrains\DataGrip 2022.3\bin;C:\msys64\mingw64\bin;C:\MinGW\bin;C:\Users\konat\.dotnet\tools;C:\cs50;C:\Program Files\JetBrains\IntelliJ IDEA 2022.3\bin;C:\Program Files\JetBrains\CLion 2022.3.2\bin;C:\Program Files\JetBrains\PhpStorm 2022.3.2\bin;C:\Users\konat\AppData\Roaming\Composer\vendor\bin;C:\Users\konat\.dotnet\tools;C:\Users\konat\AppData\Roaming\npm

Yarn version: 
  1.22.19

Node version: 
  20.17.0

Platform: 
  win32 x64

Trace: 
  Error: EPERM: operation not permitted, unlink 'C:\G35\G35-Volunteer-Web-App\volunteer-web-app\node_modules\@esbuild\win32-x64\esbuild.exe'

npm manifest: 
  {
    "name": "volunteer-web-app",
    "version": "0.0.0",
    "scripts": {
      "ng": "ng",
      "start": "ng serve",
      "build": "ng build",
      "watch": "ng build --watch --configuration development",
      "test": "ng test",
      "serve:ssr:volunteer-web-app": "node dist/volunteer-web-app/server/server.mjs"
    },
    "private": true,
    "dependencies": {
      "@angular/animations": "^18.2.0",
      "@angular/cdk": "^17.0.0",
      "@angular/common": "^18.2.0",
      "@angular/compiler": "^18.2.0",
      "@angular/core": "^18.2.4",
      "@angular/forms": "^18.2.0",
      "@angular/material": "17.3.10",
      "@angular/platform-browser": "^18.2.0",
      "@angular/platform-browser-dynamic": "^18.2.0",
      "@angular/platform-server": "^18.2.0",
      "@angular/router": "^18.2.0",
      "@angular/ssr": "^18.2.1",
      "@fortawesome/fontawesome-free": "^6.0.0",
      "@ng-bootstrap/ng-bootstrap": "^17.0.1",
      "@popperjs/core": "^2.11.8",
      "bootstrap": "^5.3.3",
      "chart.js": "^3.1.1",
      "express": "^4.18.2",
      "rxjs": "~7.8.0",
      "tslib": "^2.3.0",
      "zone.js": "~0.14.10"
    },
    "devDependencies": {
      "@angular-devkit/build-angular": "^18.2.1",
      "@angular/cli": "^18.2.1",
      "@angular/compiler-cli": "^18.2.0",
      "@angular/localize": "^18.2.4",
      "@types/express": "^4.17.17",
      "@types/jasmine": "~5.1.0",
      "@types/node": "^18.18.0",
      "jasmine-core": "~5.2.0",
      "karma": "~6.4.0",
      "karma-chrome-launcher": "~3.2.0",
      "karma-coverage": "~2.2.0",
      "karma-jasmine": "~5.1.0",
      "karma-jasmine-html-reporter": "~2.1.0",
      "typescript": "~5.5.2"
    }
  }

yarn manifest: 
  No manifest

Lockfile: 
  No lockfile
